{"name": "test_checkout_cart", "status": "broken", "statusDetails": {"message": "selenium.common.exceptions.NoSuchElementException: Message: no such element: Unable to locate element: {\"method\":\"css selector\",\"selector\":\"[id=\"item_id_title_link\"]\"}\n  (Session info: chrome=141.0.7390.123); For documentation on this error, please visit: https://www.selenium.dev/documentation/webdriver/troubleshooting/errors#nosuchelementexception\nStacktrace:\n\tGetHandleVerifier [0x0x7ff65f4ae8e5+80021]\n\tGetHandleVerifier [0x0x7ff65f4ae940+80112]\n\t(No symbol) [0x0x7ff65f23060f]\n\t(No symbol) [0x0x7ff65f288854]\n\t(No symbol) [0x0x7ff65f288b1c]\n\t(No symbol) [0x0x7ff65f2dc927]\n\t(No symbol) [0x0x7ff65f2b126f]\n\t(No symbol) [0x0x7ff65f2d968a]\n\t(No symbol) [0x0x7ff65f2b1003]\n\t(No symbol) [0x0x7ff65f2795d1]\n\t(No symbol) [0x0x7ff65f27a3f3]\n\tGetHandleVerifier [0x0x7ff65f76dc7d+2960429]\n\tGetHandleVerifier [0x0x7ff65f767f3a+2936554]\n\tGetHandleVerifier [0x0x7ff65f788977+3070247]\n\tGetHandleVerifier [0x0x7ff65f4c83ce+185214]\n\tGetHandleVerifier [0x0x7ff65f4cfe1f+216527]\n\tGetHandleVerifier [0x0x7ff65f4b7b24+117460]\n\tGetHandleVerifier [0x0x7ff65f4b7cdf+117903]\n\tGetHandleVerifier [0x0x7ff65f49dbb8+11112]\n\tBaseThreadInitThunk [0x0x7ffe13c9e8d7+23]\n\tRtlUserThreadStart [0x0x7ffe154ec53c+44]", "trace": "driver = <selenium.webdriver.chrome.webdriver.WebDriver (session=\"238b9ca47c8899ab5be7e9ea16a99309\")>\n\n    def test_checkout_cart(driver):\n        login_page = LoginPage(driver)\n        inventory_page = InventoryPage(driver)\n        cart_page = CartPage(driver)\n    \n        login_page.open_login_page()\n        login_page.login('standard_user', 'secret_sauce')\n    \n        inventory_page.add_to_cart('Sauce Labs Backpack')\n        inventory_page.add_to_cart('Sauce Labs Fleece Jacket')\n    \n        inventory_page.go_to_cart()\n    \n>       cart_page.checkout_cart('id')\n\ntests_POM\\test_cart.py:20: \n_ _ _ _ _ _ _ _ _ _ _ _ _ _ _ _ _ _ _ _ _ _ _ _ _ _ _ _ _ _ _ _ _ _ _ _ _ _ _ _\npages_POM\\cart_page.py:8: in checkout_cart\n    name_gds = self.driver.find_element(By.ID, f'item_{id}_title_link').text\n               ^^^^^^^^^^^^^^^^^^^^^^^^^^^^^^^^^^^^^^^^^^^^^^^^^^^^^^^^\n.venv\\Lib\\site-packages\\selenium\\webdriver\\remote\\webdriver.py:926: in find_element\n    return self.execute(Command.FIND_ELEMENT, {\"using\": by, \"value\": value})[\"value\"]\n           ^^^^^^^^^^^^^^^^^^^^^^^^^^^^^^^^^^^^^^^^^^^^^^^^^^^^^^^^^^^^^^^^^\n.venv\\Lib\\site-packages\\selenium\\webdriver\\remote\\webdriver.py:458: in execute\n    self.error_handler.check_response(response)\n_ _ _ _ _ _ _ _ _ _ _ _ _ _ _ _ _ _ _ _ _ _ _ _ _ _ _ _ _ _ _ _ _ _ _ _ _ _ _ _\n\nself = <selenium.webdriver.remote.errorhandler.ErrorHandler object at 0x000001D8F417C2F0>\nresponse = {'status': 404, 'value': '{\"value\":{\"error\":\"no such element\",\"message\":\"no such element: Unable to locate element: {\\...ff65f49dbb8+11112]\\\\n\\\\tBaseThreadInitThunk [0x0x7ffe13c9e8d7+23]\\\\n\\\\tRtlUserThreadStart [0x0x7ffe154ec53c+44]\\\\n\"}}'}\n\n    def check_response(self, response: dict[str, Any]) -> None:\n        \"\"\"Checks that a JSON response from the WebDriver does not have an\n        error.\n    \n        :Args:\n         - response - The JSON response from the WebDriver server as a dictionary\n           object.\n    \n        :Raises: If the response contains an error message.\n        \"\"\"\n        status = response.get(\"status\", None)\n        if not status or status == ErrorCode.SUCCESS:\n            return\n        value = None\n        message = response.get(\"message\", \"\")\n        screen: str = response.get(\"screen\", \"\")\n        stacktrace = None\n        if isinstance(status, int):\n            value_json = response.get(\"value\", None)\n            if value_json and isinstance(value_json, str):\n                try:\n                    value = json.loads(value_json)\n                    if isinstance(value, dict):\n                        if len(value) == 1:\n                            value = value[\"value\"]\n                        status = value.get(\"error\", None)\n                        if not status:\n                            status = value.get(\"status\", ErrorCode.UNKNOWN_ERROR)\n                            message = value.get(\"value\") or value.get(\"message\")\n                            if not isinstance(message, str):\n                                value = message\n                                message = message.get(\"message\") if isinstance(message, dict) else None\n                        else:\n                            message = value.get(\"message\", None)\n                except ValueError:\n                    pass\n    \n        exception_class: type[WebDriverException]\n        e = ErrorCode()\n        error_codes = [item for item in dir(e) if not item.startswith(\"__\")]\n        for error_code in error_codes:\n            error_info = getattr(ErrorCode, error_code)\n            if isinstance(error_info, list) and status in error_info:\n                exception_class = getattr(ExceptionMapping, error_code, WebDriverException)\n                break\n        else:\n            exception_class = WebDriverException\n    \n        if not value:\n            value = response[\"value\"]\n        if isinstance(value, str):\n            raise exception_class(value)\n        if message == \"\" and \"message\" in value:\n            message = value[\"message\"]\n    \n        screen = None  # type: ignore[assignment]\n        if \"screen\" in value:\n            screen = value[\"screen\"]\n    \n        stacktrace = None\n        st_value = value.get(\"stackTrace\") or value.get(\"stacktrace\")\n        if st_value:\n            if isinstance(st_value, str):\n                stacktrace = st_value.split(\"\\n\")\n            else:\n                stacktrace = []\n                try:\n                    for frame in st_value:\n                        line = frame.get(\"lineNumber\", \"\")\n                        file = frame.get(\"fileName\", \"<anonymous>\")\n                        if line:\n                            file = f\"{file}:{line}\"\n                        meth = frame.get(\"methodName\", \"<anonymous>\")\n                        if \"className\" in frame:\n                            meth = f\"{frame['className']}.{meth}\"\n                        msg = \"    at %s (%s)\"\n                        msg = msg % (meth, file)\n                        stacktrace.append(msg)\n                except TypeError:\n                    pass\n        if exception_class == UnexpectedAlertPresentException:\n            alert_text = None\n            if \"data\" in value:\n                alert_text = value[\"data\"].get(\"text\")\n            elif \"alert\" in value:\n                alert_text = value[\"alert\"].get(\"text\")\n            raise exception_class(message, screen, stacktrace, alert_text)  # type: ignore[call-arg]  # mypy is not smart enough here\n>       raise exception_class(message, screen, stacktrace)\nE       selenium.common.exceptions.NoSuchElementException: Message: no such element: Unable to locate element: {\"method\":\"css selector\",\"selector\":\"[id=\"item_id_title_link\"]\"}\nE         (Session info: chrome=141.0.7390.123); For documentation on this error, please visit: https://www.selenium.dev/documentation/webdriver/troubleshooting/errors#nosuchelementexception\nE       Stacktrace:\nE       \tGetHandleVerifier [0x0x7ff65f4ae8e5+80021]\nE       \tGetHandleVerifier [0x0x7ff65f4ae940+80112]\nE       \t(No symbol) [0x0x7ff65f23060f]\nE       \t(No symbol) [0x0x7ff65f288854]\nE       \t(No symbol) [0x0x7ff65f288b1c]\nE       \t(No symbol) [0x0x7ff65f2dc927]\nE       \t(No symbol) [0x0x7ff65f2b126f]\nE       \t(No symbol) [0x0x7ff65f2d968a]\nE       \t(No symbol) [0x0x7ff65f2b1003]\nE       \t(No symbol) [0x0x7ff65f2795d1]\nE       \t(No symbol) [0x0x7ff65f27a3f3]\nE       \tGetHandleVerifier [0x0x7ff65f76dc7d+2960429]\nE       \tGetHandleVerifier [0x0x7ff65f767f3a+2936554]\nE       \tGetHandleVerifier [0x0x7ff65f788977+3070247]\nE       \tGetHandleVerifier [0x0x7ff65f4c83ce+185214]\nE       \tGetHandleVerifier [0x0x7ff65f4cfe1f+216527]\nE       \tGetHandleVerifier [0x0x7ff65f4b7b24+117460]\nE       \tGetHandleVerifier [0x0x7ff65f4b7cdf+117903]\nE       \tGetHandleVerifier [0x0x7ff65f49dbb8+11112]\nE       \tBaseThreadInitThunk [0x0x7ffe13c9e8d7+23]\nE       \tRtlUserThreadStart [0x0x7ffe154ec53c+44]\n\n.venv\\Lib\\site-packages\\selenium\\webdriver\\remote\\errorhandler.py:232: NoSuchElementException"}, "steps": [{"name": "Открываем страницу: 'https://www.saucedemo.com/'", "status": "passed", "parameters": [{"name": "url", "value": "'https://www.saucedemo.com/'"}], "start": 1762083673997, "stop": 1762083674672}, {"name": "Ввод текста: \"'standard_user'\"", "status": "passed", "parameters": [{"name": "locator", "value": "('id', 'user-name')"}, {"name": "text", "value": "'standard_user'"}], "start": 1762083674672, "stop": 1762083674778}, {"name": "Ввод текста: \"'secret_sauce'\"", "status": "passed", "parameters": [{"name": "locator", "value": "('id', 'password')"}, {"name": "text", "value": "'secret_sauce'"}], "start": 1762083674778, "stop": 1762083674864}, {"name": "Клик по элементу: ('id', 'login-button')", "status": "passed", "parameters": [{"name": "locator", "value": "('id', 'login-button')"}], "start": 1762083674864, "stop": 1762083674950}, {"name": "Клик по элементу: ('xpath', '//div[text()=\"Sauce Labs Backpack\"]/ancestor::div[@class=\"inventory_item\"]//button')", "status": "passed", "parameters": [{"name": "locator", "value": "('xpath', '//div[text()=\"Sauce Labs Backpack\"]/ancestor::div[@class=\"inventory_item\"]//button')"}], "start": 1762083674951, "stop": 1762083675013}, {"name": "Клик по элементу: ('xpath', '//div[text()=\"Sauce Labs Fleece Jacket\"]/ancestor::div[@class=\"inventory_item\"]//button')", "status": "passed", "parameters": [{"name": "locator", "value": "('xpath', '//div[text()=\"Sauce Labs Fleece Jacket\"]/ancestor::div[@class=\"inventory_item\"]//button')"}], "start": 1762083675013, "stop": 1762083675067}], "attachments": [{"name": "log", "source": "861e7036-3644-42f2-907e-7a9a7afcf330-attachment.txt", "type": "text/plain"}], "start": 1762083673996, "stop": 1762083675121, "uuid": "e4377c00-057b-4b85-8625-ef2277f19939", "historyId": "44fd260befb0db13030972fba8275b97", "testCaseId": "44fd260befb0db13030972fba8275b97", "fullName": "tests_POM.test_cart#test_checkout_cart", "labels": [{"name": "parentSuite", "value": "tests_POM"}, {"name": "suite", "value": "test_cart"}, {"name": "host", "value": "Nympw_pc"}, {"name": "thread", "value": "28920-MainThread"}, {"name": "framework", "value": "pytest"}, {"name": "language", "value": "cpython3"}, {"name": "package", "value": "tests_POM.test_cart"}], "titlePath": ["tests_POM", "test_cart.py"]}