{"name": "test_go_to_checkout", "status": "broken", "statusDetails": {"message": "selenium.common.exceptions.InvalidSelectorException: Message: Compound class names are not allowed.; For documentation on this error, please visit: https://www.selenium.dev/documentation/webdriver/troubleshooting/errors#invalidselectorexception", "trace": "driver = <selenium.webdriver.chrome.webdriver.WebDriver (session=\"dceca0a6ea524b0046afd3b931e42a19\")>\n\n    def test_go_to_checkout(driver):\n        login_page = LoginPage(driver)\n        inventory_page = InventoryPage(driver)\n        cart_page = CartPage(driver)\n    \n        login_page.open_login_page()\n        login_page.login('standard_user', 'secret_sauce')\n    \n        inventory_page.add_to_cart('Sauce Labs Backpack')\n        inventory_page.add_to_cart('Sauce Labs Fleece Jacket')\n    \n        inventory_page.go_to_cart()\n    \n>       cart_page.go_to_checkout()\n\ntests_POM\\test_cart.py:64: \n_ _ _ _ _ _ _ _ _ _ _ _ _ _ _ _ _ _ _ _ _ _ _ _ _ _ _ _ _ _ _ _ _ _ _ _ _ _ _ _\npages_POM\\cart_page.py:26: in go_to_checkout\n    checkout = self.driver.find_element(By.CLASS_NAME, 'btn btn_action btn_medium checkout_butto')\n               ^^^^^^^^^^^^^^^^^^^^^^^^^^^^^^^^^^^^^^^^^^^^^^^^^^^^^^^^^^^^^^^^^^^^^^^^^^^^^^^^^^^\n.venv\\Lib\\site-packages\\selenium\\webdriver\\remote\\webdriver.py:918: in find_element\n    by, value = self.locator_converter.convert(by, value)\n                ^^^^^^^^^^^^^^^^^^^^^^^^^^^^^^^^^^^^^^^^^\n_ _ _ _ _ _ _ _ _ _ _ _ _ _ _ _ _ _ _ _ _ _ _ _ _ _ _ _ _ _ _ _ _ _ _ _ _ _ _ _\n\nself = <selenium.webdriver.remote.locator_converter.LocatorConverter object at 0x000001AE55E54690>\nby = 'class name', value = 'btn btn_action btn_medium checkout_butto'\n\n    def convert(self, by, value):\n        # Default conversion logic\n        if by == By.ID:\n            return By.CSS_SELECTOR, f'[id=\"{value}\"]'\n        elif by == By.CLASS_NAME:\n            if value and any(char.isspace() for char in value.strip()):\n>               raise InvalidSelectorException(\"Compound class names are not allowed.\")\nE               selenium.common.exceptions.InvalidSelectorException: Message: Compound class names are not allowed.; For documentation on this error, please visit: https://www.selenium.dev/documentation/webdriver/troubleshooting/errors#invalidselectorexception\n\n.venv\\Lib\\site-packages\\selenium\\webdriver\\remote\\locator_converter.py:29: InvalidSelectorException"}, "steps": [{"name": "Открываем страницу: 'https://www.saucedemo.com/'", "status": "passed", "parameters": [{"name": "url", "value": "'https://www.saucedemo.com/'"}], "start": 1762085457891, "stop": 1762085458529}, {"name": "Ввод текста: \"'standard_user'\"", "status": "passed", "parameters": [{"name": "locator", "value": "('id', 'user-name')"}, {"name": "text", "value": "'standard_user'"}], "start": 1762085458529, "stop": 1762085458649}, {"name": "Ввод текста: \"'secret_sauce'\"", "status": "passed", "parameters": [{"name": "locator", "value": "('id', 'password')"}, {"name": "text", "value": "'secret_sauce'"}], "start": 1762085458649, "stop": 1762085458741}, {"name": "Клик по элементу: ('id', 'login-button')", "status": "passed", "parameters": [{"name": "locator", "value": "('id', 'login-button')"}], "start": 1762085458741, "stop": 1762085458840}, {"name": "Клик по элементу: ('xpath', '//div[text()=\"Sauce Labs Backpack\"]/ancestor::div[@class=\"inventory_item\"]//button')", "status": "passed", "parameters": [{"name": "locator", "value": "('xpath', '//div[text()=\"Sauce Labs Backpack\"]/ancestor::div[@class=\"inventory_item\"]//button')"}], "start": 1762085458840, "stop": 1762085458905}, {"name": "Клик по элементу: ('xpath', '//div[text()=\"Sauce Labs Fleece Jacket\"]/ancestor::div[@class=\"inventory_item\"]//button')", "status": "passed", "parameters": [{"name": "locator", "value": "('xpath', '//div[text()=\"Sauce Labs Fleece Jacket\"]/ancestor::div[@class=\"inventory_item\"]//button')"}], "start": 1762085458906, "stop": 1762085458961}], "attachments": [{"name": "log", "source": "91891e9e-a984-40d7-a109-2517d25db5fa-attachment.txt", "type": "text/plain"}], "start": 1762085457890, "stop": 1762085459008, "uuid": "b7058825-c3b6-46a1-a3f0-751dbe74f952", "historyId": "063edd79bf6fb81490aef832ea73735e", "testCaseId": "063edd79bf6fb81490aef832ea73735e", "fullName": "tests_POM.test_cart#test_go_to_checkout", "labels": [{"name": "parentSuite", "value": "tests_POM"}, {"name": "suite", "value": "test_cart"}, {"name": "host", "value": "Nympw_pc"}, {"name": "thread", "value": "26572-MainThread"}, {"name": "framework", "value": "pytest"}, {"name": "language", "value": "cpython3"}, {"name": "package", "value": "tests_POM.test_cart"}], "titlePath": ["tests_POM", "test_cart.py"]}