{"name": "test_go_to_checkout", "status": "broken", "statusDetails": {"message": "selenium.common.exceptions.InvalidSelectorException: Message: Compound class names are not allowed.; For documentation on this error, please visit: https://www.selenium.dev/documentation/webdriver/troubleshooting/errors#invalidselectorexception", "trace": "driver = <selenium.webdriver.chrome.webdriver.WebDriver (session=\"4f4cb499d9192952688c9ddb87d2a6ea\")>\n\n    def test_go_to_checkout(driver):\n        login_page = LoginPage(driver)\n        inventory_page = InventoryPage(driver)\n        cart_page = CartPage(driver)\n    \n        login_page.open_login_page()\n        login_page.login('standard_user', 'secret_sauce')\n    \n        inventory_page.add_to_cart('Sauce Labs Backpack')\n        inventory_page.add_to_cart('Sauce Labs Fleece Jacket')\n    \n        inventory_page.go_to_cart()\n    \n>       cart_page.go_to_checkout()\n\ntests_POM\\test_cart.py:64: \n_ _ _ _ _ _ _ _ _ _ _ _ _ _ _ _ _ _ _ _ _ _ _ _ _ _ _ _ _ _ _ _ _ _ _ _ _ _ _ _\npages_POM\\cart_page.py:27: in go_to_checkout\n    checkout = wait.until(\n.venv\\Lib\\site-packages\\selenium\\webdriver\\support\\wait.py:129: in until\n    value = method(self._driver)\n            ^^^^^^^^^^^^^^^^^^^^\n.venv\\Lib\\site-packages\\selenium\\webdriver\\support\\expected_conditions.py:624: in _predicate\n    target = driver.find_element(*target)  # grab element at locator\n             ^^^^^^^^^^^^^^^^^^^^^^^^^^^^\n.venv\\Lib\\site-packages\\selenium\\webdriver\\remote\\webdriver.py:918: in find_element\n    by, value = self.locator_converter.convert(by, value)\n                ^^^^^^^^^^^^^^^^^^^^^^^^^^^^^^^^^^^^^^^^^\n_ _ _ _ _ _ _ _ _ _ _ _ _ _ _ _ _ _ _ _ _ _ _ _ _ _ _ _ _ _ _ _ _ _ _ _ _ _ _ _\n\nself = <selenium.webdriver.remote.locator_converter.LocatorConverter object at 0x000001990E2F4550>\nby = 'class name', value = 'btn btn_action btn_medium checkout_button'\n\n    def convert(self, by, value):\n        # Default conversion logic\n        if by == By.ID:\n            return By.CSS_SELECTOR, f'[id=\"{value}\"]'\n        elif by == By.CLASS_NAME:\n            if value and any(char.isspace() for char in value.strip()):\n>               raise InvalidSelectorException(\"Compound class names are not allowed.\")\nE               selenium.common.exceptions.InvalidSelectorException: Message: Compound class names are not allowed.; For documentation on this error, please visit: https://www.selenium.dev/documentation/webdriver/troubleshooting/errors#invalidselectorexception\n\n.venv\\Lib\\site-packages\\selenium\\webdriver\\remote\\locator_converter.py:29: InvalidSelectorException"}, "steps": [{"name": "Открываем страницу: 'https://www.saucedemo.com/'", "status": "passed", "parameters": [{"name": "url", "value": "'https://www.saucedemo.com/'"}], "start": 1762085597140, "stop": 1762085597799}, {"name": "Ввод текста: \"'standard_user'\"", "status": "passed", "parameters": [{"name": "locator", "value": "('id', 'user-name')"}, {"name": "text", "value": "'standard_user'"}], "start": 1762085597799, "stop": 1762085597924}, {"name": "Ввод текста: \"'secret_sauce'\"", "status": "passed", "parameters": [{"name": "locator", "value": "('id', 'password')"}, {"name": "text", "value": "'secret_sauce'"}], "start": 1762085597925, "stop": 1762085598008}, {"name": "Клик по элементу: ('id', 'login-button')", "status": "passed", "parameters": [{"name": "locator", "value": "('id', 'login-button')"}], "start": 1762085598008, "stop": 1762085598137}, {"name": "Клик по элементу: ('xpath', '//div[text()=\"Sauce Labs Backpack\"]/ancestor::div[@class=\"inventory_item\"]//button')", "status": "passed", "parameters": [{"name": "locator", "value": "('xpath', '//div[text()=\"Sauce Labs Backpack\"]/ancestor::div[@class=\"inventory_item\"]//button')"}], "start": 1762085598138, "stop": 1762085598200}, {"name": "Клик по элементу: ('xpath', '//div[text()=\"Sauce Labs Fleece Jacket\"]/ancestor::div[@class=\"inventory_item\"]//button')", "status": "passed", "parameters": [{"name": "locator", "value": "('xpath', '//div[text()=\"Sauce Labs Fleece Jacket\"]/ancestor::div[@class=\"inventory_item\"]//button')"}], "start": 1762085598200, "stop": 1762085598258}], "attachments": [{"name": "log", "source": "f15ce0a8-ae8c-42a9-b9ff-a1a969ea1dc8-attachment.txt", "type": "text/plain"}], "start": 1762085597139, "stop": 1762085598304, "uuid": "d042f5c0-0d82-43c0-a3ab-e9d2350ffc51", "historyId": "063edd79bf6fb81490aef832ea73735e", "testCaseId": "063edd79bf6fb81490aef832ea73735e", "fullName": "tests_POM.test_cart#test_go_to_checkout", "labels": [{"name": "parentSuite", "value": "tests_POM"}, {"name": "suite", "value": "test_cart"}, {"name": "host", "value": "Nympw_pc"}, {"name": "thread", "value": "28844-MainThread"}, {"name": "framework", "value": "pytest"}, {"name": "language", "value": "cpython3"}, {"name": "package", "value": "tests_POM.test_cart"}], "titlePath": ["tests_POM", "test_cart.py"]}