{"name": "test_login_and_pay", "status": "failed", "statusDetails": {"message": "AssertionError: Не удалось перейти в корзину\nassert 'cart' in 'https://www.saucedemo.com/inventory.html'\n +  where 'https://www.saucedemo.com/inventory.html' = <selenium.webdriver.chrome.webdriver.WebDriver (session=\"b48cc72a81bbe2591c288a3fc464a512\")>.current_url", "trace": "driver = <selenium.webdriver.chrome.webdriver.WebDriver (session=\"b48cc72a81bbe2591c288a3fc464a512\")>\n\n    def test_login_and_pay(driver):\n        driver.get('https://www.saucedemo.com/')\n        time.sleep(3)\n    \n        username_input = driver.find_element(By.NAME, 'user-name')\n        password_input = driver.find_element(By.NAME, 'password')\n    \n        username_input.click()\n        username_input.send_keys('standard_user')\n        password_input.click()\n        password_input.send_keys('secret_sauce')\n    \n        login_button = driver.find_element(By.NAME, 'login-button')\n        login_button.click()\n    \n        time.sleep(3)\n    \n        assert 'inventory' in driver.current_url, 'Не удалось авторизоваться'\n    \n        pay_button_backpack = driver.find_element(By.NAME, 'add-to-cart-sauce-labs-backpack')\n        pay_button_jacket = driver.find_element(By.NAME, 'add-to-cart-sauce-labs-fleece-jacket')\n        pay_button_backpack.click()\n        pay_button_jacket.click()\n    \n        time.sleep(3)\n    \n        basket = driver.find_element(By.CLASS_NAME, 'shopping_cart_link')\n        basket.click()\n    \n        time.sleep(10)\n    \n>       assert 'cart' in driver.current_url, 'Не удалось перейти в корзину'\nE       AssertionError: Не удалось перейти в корзину\nE       assert 'cart' in 'https://www.saucedemo.com/inventory.html'\nE        +  where 'https://www.saucedemo.com/inventory.html' = <selenium.webdriver.chrome.webdriver.WebDriver (session=\"b48cc72a81bbe2591c288a3fc464a512\")>.current_url\n\n1-test-file\\test_sause_demo_standart_users.py:47: AssertionError"}, "start": 1761464545532, "stop": 1761464565516, "uuid": "192b46b0-821f-42ea-b8df-48ecc911b3d8", "historyId": "fe8d482cdf37c25e0be137d65992141b", "testCaseId": "fe8d482cdf37c25e0be137d65992141b", "fullName": "1-test-file.test_sause_demo_standart_users#test_login_and_pay", "labels": [{"name": "parentSuite", "value": "1-test-file"}, {"name": "suite", "value": "test_sause_demo_standart_users"}, {"name": "host", "value": "Nympw_pc"}, {"name": "thread", "value": "27228-MainThread"}, {"name": "framework", "value": "pytest"}, {"name": "language", "value": "cpython3"}, {"name": "package", "value": "1-test-file.test_sause_demo_standart_users"}], "titlePath": ["1-test-file", "test_sause_demo_standart_users.py"]}