{"name": "test_successful_login", "status": "broken", "statusDetails": {"message": "selenium.common.exceptions.TimeoutException: Message: \nStacktrace:\n\tGetHandleVerifier [0x0x7ff65b0ce8e5+80021]\n\tGetHandleVerifier [0x0x7ff65b0ce940+80112]\n\t(No symbol) [0x0x7ff65ae5060f]\n\t(No symbol) [0x0x7ff65aea8854]\n\t(No symbol) [0x0x7ff65aea8b1c]\n\t(No symbol) [0x0x7ff65aefc927]\n\t(No symbol) [0x0x7ff65aed126f]\n\t(No symbol) [0x0x7ff65aef968a]\n\t(No symbol) [0x0x7ff65aed1003]\n\t(No symbol) [0x0x7ff65ae995d1]\n\t(No symbol) [0x0x7ff65ae9a3f3]\n\tGetHandleVerifier [0x0x7ff65b38dc7d+2960429]\n\tGetHandleVerifier [0x0x7ff65b387f3a+2936554]\n\tGetHandleVerifier [0x0x7ff65b3a8977+3070247]\n\tGetHandleVerifier [0x0x7ff65b0e83ce+185214]\n\tGetHandleVerifier [0x0x7ff65b0efe1f+216527]\n\tGetHandleVerifier [0x0x7ff65b0d7b24+117460]\n\tGetHandleVerifier [0x0x7ff65b0d7cdf+117903]\n\tGetHandleVerifier [0x0x7ff65b0bdbb8+11112]\n\tBaseThreadInitThunk [0x0x7fff1fdce8d7+23]\n\tRtlUserThreadStart [0x0x7fff219cc53c+44]", "trace": "driver = <selenium.webdriver.chrome.webdriver.WebDriver (session=\"561c7fb8986c99e0c2916d031842469b\")>\n\n    @pytest.mark.ui\n    @pytest.mark.smoke\n    def test_successful_login(driver):\n        log.info('Старт теста: test_successful_login')\n        login_page = LoginPage(driver)\n        login_page.open_login_page()\n>       login_page.login('standard_user', 'secret_sauce')\n\ntests_POM\\test_login.py:12: \n_ _ _ _ _ _ _ _ _ _ _ _ _ _ _ _ _ _ _ _ _ _ _ _ _ _ _ _ _ _ _ _ _ _ _ _ _ _ _ _ _ _ _ _ _ _ _ _ _ _ _ _ _ _ _ _ _ _ _ _ _ _ _ _ _ _ _ _ _ _ _ _ _ _ _ _ _ _ _ _ _ _ _ _ _ _ _ _ _\npages_POM\\login_page.py:16: in login\n    self.type(self.USERNAME_INPUT, username)\npages_POM\\base_page.py:27: in type\n    elem = self.wait.until(EC.visibility_of_element_located(locator))\n           ^^^^^^^^^^^^^^^^^^^^^^^^^^^^^^^^^^^^^^^^^^^^^^^^^^^^^^^^^^\n_ _ _ _ _ _ _ _ _ _ _ _ _ _ _ _ _ _ _ _ _ _ _ _ _ _ _ _ _ _ _ _ _ _ _ _ _ _ _ _ _ _ _ _ _ _ _ _ _ _ _ _ _ _ _ _ _ _ _ _ _ _ _ _ _ _ _ _ _ _ _ _ _ _ _ _ _ _ _ _ _ _ _ _ _ _ _ _ _\n\nself = <selenium.webdriver.support.wait.WebDriverWait (session=\"561c7fb8986c99e0c2916d031842469b\")>\nmethod = <function visibility_of_element_located.<locals>._predicate at 0x0000018D65FCF920>, message = ''\n\n    def until(self, method: Callable[[D], Union[Literal[False], T]], message: str = \"\") -> T:\n        \"\"\"Wait until the method returns a value that is not False.\n    \n        Calls the method provided with the driver as an argument until the\n        return value does not evaluate to ``False``.\n    \n        Parameters:\n        -----------\n        method: callable(WebDriver)\n            - A callable object that takes a WebDriver instance as an argument.\n    \n        message: str\n            - Optional message for :exc:`TimeoutException`\n    \n        Return:\n        -------\n        object: T\n            - The result of the last call to `method`\n    \n        Raises:\n        -------\n        TimeoutException\n            - If 'method' does not return a truthy value within the WebDriverWait\n            object's timeout\n    \n        Example:\n        --------\n        >>> from selenium.webdriver.common.by import By\n        >>> from selenium.webdriver.support.ui import WebDriverWait\n        >>> from selenium.webdriver.support import expected_conditions as EC\n    \n        # Wait until an element is visible on the page\n        >>> wait = WebDriverWait(driver, 10)\n        >>> element = wait.until(EC.visibility_of_element_located((By.ID, \"exampleId\")))\n        >>> print(element.text)\n        \"\"\"\n        screen = None\n        stacktrace = None\n    \n        end_time = time.monotonic() + self._timeout\n        while True:\n            try:\n                value = method(self._driver)\n                if value:\n                    return value\n            except self._ignored_exceptions as exc:\n                screen = getattr(exc, \"screen\", None)\n                stacktrace = getattr(exc, \"stacktrace\", None)\n            if time.monotonic() > end_time:\n                break\n            time.sleep(self._poll)\n>       raise TimeoutException(message, screen, stacktrace)\nE       selenium.common.exceptions.TimeoutException: Message: \nE       Stacktrace:\nE       \tGetHandleVerifier [0x0x7ff65b0ce8e5+80021]\nE       \tGetHandleVerifier [0x0x7ff65b0ce940+80112]\nE       \t(No symbol) [0x0x7ff65ae5060f]\nE       \t(No symbol) [0x0x7ff65aea8854]\nE       \t(No symbol) [0x0x7ff65aea8b1c]\nE       \t(No symbol) [0x0x7ff65aefc927]\nE       \t(No symbol) [0x0x7ff65aed126f]\nE       \t(No symbol) [0x0x7ff65aef968a]\nE       \t(No symbol) [0x0x7ff65aed1003]\nE       \t(No symbol) [0x0x7ff65ae995d1]\nE       \t(No symbol) [0x0x7ff65ae9a3f3]\nE       \tGetHandleVerifier [0x0x7ff65b38dc7d+2960429]\nE       \tGetHandleVerifier [0x0x7ff65b387f3a+2936554]\nE       \tGetHandleVerifier [0x0x7ff65b3a8977+3070247]\nE       \tGetHandleVerifier [0x0x7ff65b0e83ce+185214]\nE       \tGetHandleVerifier [0x0x7ff65b0efe1f+216527]\nE       \tGetHandleVerifier [0x0x7ff65b0d7b24+117460]\nE       \tGetHandleVerifier [0x0x7ff65b0d7cdf+117903]\nE       \tGetHandleVerifier [0x0x7ff65b0bdbb8+11112]\nE       \tBaseThreadInitThunk [0x0x7fff1fdce8d7+23]\nE       \tRtlUserThreadStart [0x0x7fff219cc53c+44]\n\n.venv\\Lib\\site-packages\\selenium\\webdriver\\support\\wait.py:138: TimeoutException"}, "steps": [{"name": "Открываем страницу: 'https://www.saucedemo.com/v1/index.html'", "status": "passed", "parameters": [{"name": "url", "value": "'https://www.saucedemo.com/v1/index.html'"}], "start": 1762011053853, "stop": 1762011054058}, {"name": "Ввод текста: \"'standard_user'\"", "status": "broken", "statusDetails": {"message": "selenium.common.exceptions.TimeoutException: Message: \nStacktrace:\n\tGetHandleVerifier [0x0x7ff65b0ce8e5+80021]\n\tGetHandleVerifier [0x0x7ff65b0ce940+80112]\n\t(No symbol) [0x0x7ff65ae5060f]\n\t(No symbol) [0x0x7ff65aea8854]\n\t(No symbol) [0x0x7ff65aea8b1c]\n\t(No symbol) [0x0x7ff65aefc927]\n\t(No symbol) [0x0x7ff65aed126f]\n\t(No symbol) [0x0x7ff65aef968a]\n\t(No symbol) [0x0x7ff65aed1003]\n\t(No symbol) [0x0x7ff65ae995d1]\n\t(No symbol) [0x0x7ff65ae9a3f3]\n\tGetHandleVerifier [0x0x7ff65b38dc7d+2960429]\n\tGetHandleVerifier [0x0x7ff65b387f3a+2936554]\n\tGetHandleVerifier [0x0x7ff65b3a8977+3070247]\n\tGetHandleVerifier [0x0x7ff65b0e83ce+185214]\n\tGetHandleVerifier [0x0x7ff65b0efe1f+216527]\n\tGetHandleVerifier [0x0x7ff65b0d7b24+117460]\n\tGetHandleVerifier [0x0x7ff65b0d7cdf+117903]\n\tGetHandleVerifier [0x0x7ff65b0bdbb8+11112]\n\tBaseThreadInitThunk [0x0x7fff1fdce8d7+23]\n\tRtlUserThreadStart [0x0x7fff219cc53c+44]\n\n", "trace": "  File \"C:\\Users\\Nympwn\\PycharmProjects\\Sause_Demo\\.venv\\Lib\\site-packages\\allure_commons\\_allure.py\", line 202, in impl\n    return func(*a, **kw)\n  File \"C:\\Users\\Nympwn\\PycharmProjects\\Sause_Demo\\pages_POM\\base_page.py\", line 27, in type\n    elem = self.wait.until(EC.visibility_of_element_located(locator))\n  File \"C:\\Users\\Nympwn\\PycharmProjects\\Sause_Demo\\.venv\\Lib\\site-packages\\selenium\\webdriver\\support\\wait.py\", line 138, in until\n    raise TimeoutException(message, screen, stacktrace)\n"}, "parameters": [{"name": "locator", "value": "('id', 'user-name')"}, {"name": "text", "value": "'standard_user'"}], "start": 1762011054058, "stop": 1762011064166}], "attachments": [{"name": "log", "source": "2312ba91-2173-476c-b441-21c23d69f549-attachment.txt", "type": "text/plain"}], "start": 1762011053853, "stop": 1762011064168, "uuid": "2e7e389d-cb13-4298-a2bf-c77fc2d2f280", "historyId": "d4f5424ba998ec6e9eac0e9ddb0727b5", "testCaseId": "d4f5424ba998ec6e9eac0e9ddb0727b5", "fullName": "tests_POM.test_login#test_successful_login", "labels": [{"name": "tag", "value": "smoke"}, {"name": "tag", "value": "ui"}, {"name": "parentSuite", "value": "tests_POM"}, {"name": "suite", "value": "test_login"}, {"name": "host", "value": "Nympw_pc"}, {"name": "thread", "value": "8872-MainThread"}, {"name": "framework", "value": "pytest"}, {"name": "language", "value": "cpython3"}, {"name": "package", "value": "tests_POM.test_login"}], "titlePath": ["tests_POM", "test_login.py"]}