{"uid":"fbc756ebca693789","name":"test_login_and_pay","fullName":"1-test-file.test_sause_demo_standart_users#test_login_and_pay","historyId":"fe8d482cdf37c25e0be137d65992141b","time":{"start":1761464472878,"stop":1761464492810,"duration":19932},"status":"failed","statusMessage":"AssertionError: Не удалось перейти в корзину\nassert 'cart' in 'https://www.saucedemo.com/inventory.html'\n +  where 'https://www.saucedemo.com/inventory.html' = <selenium.webdriver.chrome.webdriver.WebDriver (session=\"8aaf938a3e9b3e14dcce5179ee4dc92e\")>.current_url","statusTrace":"driver = <selenium.webdriver.chrome.webdriver.WebDriver (session=\"8aaf938a3e9b3e14dcce5179ee4dc92e\")>\n\n    def test_login_and_pay(driver):\n        driver.get('https://www.saucedemo.com/')\n        time.sleep(3)\n    \n        username_input = driver.find_element(By.NAME, 'user-name')\n        password_input = driver.find_element(By.NAME, 'password')\n    \n        username_input.click()\n        username_input.send_keys('standard_user')\n        password_input.click()\n        password_input.send_keys('secret_sauce')\n    \n        login_button = driver.find_element(By.NAME, 'login-button')\n        login_button.click()\n    \n        time.sleep(3)\n    \n        assert 'inventory' in driver.current_url, 'Не удалось авторизоваться'\n    \n        pay_button_backpack = driver.find_element(By.NAME, 'add-to-cart-sauce-labs-backpack')\n        pay_button_jacket = driver.find_element(By.NAME, 'add-to-cart-sauce-labs-fleece-jacket')\n        pay_button_backpack.click()\n        pay_button_jacket.click()\n    \n        time.sleep(3)\n    \n        basket = driver.find_element(By.CLASS_NAME, 'shopping_cart_link')\n        basket.click()\n    \n        time.sleep(10)\n    \n>       assert 'cart' in driver.current_url, 'Не удалось перейти в корзину'\nE       AssertionError: Не удалось перейти в корзину\nE       assert 'cart' in 'https://www.saucedemo.com/inventory.html'\nE        +  where 'https://www.saucedemo.com/inventory.html' = <selenium.webdriver.chrome.webdriver.WebDriver (session=\"8aaf938a3e9b3e14dcce5179ee4dc92e\")>.current_url\n\n1-test-file\\test_sause_demo_standart_users.py:47: AssertionError","flaky":false,"newFailed":false,"newBroken":false,"newPassed":false,"retriesCount":0,"retriesStatusChange":false,"beforeStages":[{"name":"driver","time":{"start":1761464471770,"stop":1761464472877,"duration":1107},"status":"passed","steps":[],"attachments":[],"parameters":[],"attachmentsCount":0,"shouldDisplayMessage":false,"stepsCount":0,"hasContent":false,"attachmentStep":false}],"afterStages":[{"name":"driver::0","time":{"start":1761464492866,"stop":1761464494967,"duration":2101},"status":"passed","steps":[],"attachments":[],"parameters":[],"attachmentsCount":0,"shouldDisplayMessage":false,"stepsCount":0,"hasContent":false,"attachmentStep":false}],"labels":[{"name":"parentSuite","value":"1-test-file"},{"name":"suite","value":"test_sause_demo_standart_users"},{"name":"host","value":"Nympw_pc"},{"name":"thread","value":"26216-MainThread"},{"name":"framework","value":"pytest"},{"name":"language","value":"cpython3"},{"name":"package","value":"1-test-file.test_sause_demo_standart_users"},{"name":"resultFormat","value":"allure2"}],"parameters":[],"links":[],"hidden":true,"retry":true,"extra":{"categories":[],"tags":[]},"source":"fbc756ebca693789.json","parameterValues":[]}